0.001773,-0.005594,0.099576,1.011000
0.001974,-0.005326,0.100195,2.081000
0.001795,-0.006946,0.100738,3.121000
0.001321,-0.006656,0.101075,4.191000
0.001574,-0.007497,0.101821,5.291000
0.001417,-0.005202,0.100493,6.321000
0.001973,-0.006131,0.099611,7.401000
0.004364,-0.006277,0.099117,8.411000
0.004195,-0.004915,0.098642,9.511000
0.003162,-0.006108,0.099238,10.526000
0.001974,-0.006082,0.100157,11.540000
0.001472,-0.005377,0.100142,12.671000
0.003227,-0.005531,0.100012,13.691000
0.000821,-0.003920,0.100294,14.821000
0.000717,-0.005477,0.101043,16.091000
0.000312,-0.004895,0.100967,17.271000
0.001034,-0.005995,0.100066,18.301000
-0.000751,-0.003504,0.098382,19.441000
0.001176,-0.005612,0.098643,20.461000
0.001606,-0.003622,0.098337,21.641000
0.000107,-0.003086,0.099061,22.654000
-0.001022,-0.003724,0.098160,23.666000
-0.001267,-0.001702,0.098581,24.676000
0.000802,-0.002388,0.099313,25.891000
0.000301,-0.003714,0.100666,27.191000
-0.000580,-0.002764,0.100443,28.591000
-0.001923,-0.002291,0.098546,29.597000
-0.001652,-0.001855,0.098206,30.671000
0.000314,-0.003040,0.098155,31.672000
-0.001071,-0.001769,0.099515,32.677000
-0.001083,-0.002337,0.100788,33.678000
-0.001775,-0.003663,0.100315,35.491000
-0.002074,-0.002407,0.099900,36.591000
-0.001260,-0.000119,0.099423,37.661000
-0.003492,-0.003303,0.100067,38.667000
-0.001970,-0.003077,0.100598,39.669000
-0.000722,-0.000933,0.100164,40.687000
-0.001084,-0.000623,0.099983,42.091000
-0.002654,-0.000061,0.098094,43.281000
-0.002969,-0.001379,0.098310,44.391000
-0.000702,-0.002104,0.099607,45.431000
-0.000534,-0.000990,0.099824,46.521000
-0.000954,-0.003249,0.099494,47.571000
-0.001818,-0.001747,0.099533,48.601000
-0.002861,-0.000732,0.099770,49.671000
-0.002471,0.000517,0.100769,50.681000
-0.001626,-0.001981,0.101698,51.861000
-0.001825,-0.000825,0.100871,52.991000
-0.002238,0.000434,0.101601,54.211000
-0.002509,0.000744,0.102419,55.401000
-0.001937,-0.001590,0.101705,56.471000
-0.001655,-0.002589,0.100033,57.591000
-0.001966,-0.000385,0.098145,58.671000
-0.001232,0.000303,0.099881,59.690000
-0.002121,-0.000616,0.100860,60.791000
-0.001638,0.000491,0.100031,62.591000
-0.000807,-0.002046,0.101146,63.606000
-0.001093,-0.002454,0.101265,64.681000
-0.000703,-0.001335,0.103132,65.811000
-0.001437,-0.001475,0.103375,66.831000
-0.004537,0.000573,0.102452,68.011000
-0.004377,-0.000774,0.101263,69.391000
-0.003934,0.000000,0.101137,70.481000
-0.003145,0.000873,0.101436,71.491000
0.000189,-0.001841,0.102374,72.501000
-0.000373,-0.002424,0.102207,73.651000
-0.001801,-0.000535,0.101880,74.668000
-0.000483,0.000177,0.102376,75.686000
0.003516,-0.001231,0.101493,76.687000
0.000109,0.002051,0.101065,77.891000
-0.004780,0.002901,0.100983,78.991000
-0.003993,0.003048,0.101633,80.111000
-0.004000,0.005701,0.100881,81.311000
-0.006463,0.007108,0.100996,82.411000
-0.007715,0.006327,0.101203,83.501000
-0.006290,0.005684,0.102049,84.518000
-0.006392,0.005163,0.101801,85.581000
-0.005976,0.005097,0.101804,86.583000
-0.005976,0.005097,0.101804,87.641000
-0.005976,0.005097,0.101804,88.681000
-0.005976,0.005097,0.101804,90.391000
-0.005976,0.005097,0.101804,91.471000
-0.005976,0.005097,0.101804,92.487000
-0.005976,0.005097,0.101804,93.551000
-0.005976,0.005097,0.101804,94.562000
-0.005976,0.005097,0.101804,95.584000
-0.005976,0.005097,0.101804,96.602000
-0.005976,0.005097,0.101804,97.621000
-0.005976,0.005097,0.101804,98.628000
-0.005976,0.005097,0.101804,99.641000
-0.005976,0.005097,0.101804,100.642000
-0.005976,0.005097,0.101804,101.644000
-0.005976,0.005097,0.101804,102.646000
-0.005976,0.005097,0.101804,103.647000
-0.005976,0.005097,0.101804,104.667000
-0.005976,0.005097,0.101804,105.678000
-0.005976,0.005097,0.101804,106.690000
-0.005976,0.005097,0.101804,108.591000
-0.005976,0.005097,0.101804,109.651000
-0.005976,0.005097,0.101804,110.675000
-0.005976,0.005097,0.101804,111.679000
-0.005976,0.005097,0.101804,112.791000
-0.005976,0.005097,0.101804,113.901000
-0.005976,0.005097,0.101804,114.931000
-0.005976,0.005097,0.101804,116.071000
-0.005976,0.005097,0.101804,117.391000
-0.005976,0.005097,0.101804,118.581000
-0.005976,0.005097,0.101804,119.616000
-0.005976,0.005097,0.101804,120.625000
-0.005976,0.005097,0.101804,121.638000
-0.005976,0.005097,0.101804,122.659000
-0.005976,0.005097,0.101804,123.667000
-0.005976,0.005097,0.101804,124.669000
-0.005976,0.005097,0.101804,125.682000
-0.005976,0.005097,0.101804,126.685000
-0.005976,0.005097,0.101804,127.871000
-0.005976,0.005097,0.101804,128.931000
-0.005976,0.005097,0.101804,130.051000
-0.005976,0.005097,0.101804,131.121000
-0.005976,0.005097,0.101804,132.271000
-0.005976,0.005097,0.101804,133.541000
-0.005976,0.005097,0.101804,134.547000
-0.005976,0.005097,0.101804,135.562000
-0.005976,0.005097,0.101804,136.567000
-0.005976,0.005097,0.101804,137.571000
-0.005976,0.005097,0.101804,138.574000
-0.005976,0.005097,0.101804,139.586000
-0.005976,0.005097,0.101804,140.591000
-0.005976,0.005097,0.101804,141.611000
-0.005976,0.005097,0.101804,142.631000
-0.005976,0.005097,0.101804,143.638000
-0.005976,0.005097,0.101804,144.653000
-0.005976,0.005097,0.101804,145.676000
-0.005976,0.005097,0.101804,146.684000
-0.005976,0.005097,0.101804,147.685000
-0.005976,0.005097,0.101804,149.591000
-0.005976,0.005097,0.101804,150.597000
-0.005976,0.005097,0.101804,151.601000
-0.005976,0.005097,0.101804,152.608000
-0.005976,0.005097,0.101804,153.651000
-0.005976,0.005097,0.101804,154.668000
-0.005976,0.005097,0.101804,155.670000
-0.005976,0.005097,0.101804,156.671000
-0.005976,0.005097,0.101804,157.689000
-0.005976,0.005097,0.101804,158.871000
-0.005976,0.005097,0.101804,160.091000
-0.005976,0.005097,0.101804,161.161000
-0.005976,0.005097,0.101804,162.221000
-0.005976,0.005097,0.101804,163.291000
-0.005976,0.005097,0.101804,164.441000
-0.005976,0.005097,0.101804,165.621000
-0.005976,0.005097,0.101804,166.628000
-0.005976,0.005097,0.101804,167.633000
-0.005976,0.005097,0.101804,168.651000
-0.005976,0.005097,0.101804,169.667000
-0.005976,0.005097,0.101804,170.670000
-0.005976,0.005097,0.101804,171.891000
-0.005976,0.005097,0.101804,172.951000
-0.005976,0.005097,0.101804,174.291000
-0.005976,0.005097,0.101804,175.341000
-0.005976,0.005097,0.101804,176.491000
-0.005976,0.005097,0.101804,177.601000
-0.005976,0.005097,0.101804,178.603000
-0.005976,0.005097,0.101804,179.619000
-0.005976,0.005097,0.101804,180.629000
-0.005976,0.005097,0.101804,181.638000
-0.005976,0.005097,0.101804,182.649000
-0.005976,0.005097,0.101804,183.669000
-0.005976,0.005097,0.101804,185.391000
-0.005976,0.005097,0.101804,186.481000
-0.005976,0.005097,0.101804,187.631000
-0.005976,0.005097,0.101804,188.647000
-0.005976,0.005097,0.101804,189.662000
-0.005976,0.005097,0.101804,190.670000
-0.005976,0.005097,0.101804,191.686000
-0.005976,0.005097,0.101804,193.391000
-0.005976,0.005097,0.101804,194.481000
-0.005748,0.005226,0.101817,195.485000
-0.005748,0.005226,0.101817,196.651000
-0.005748,0.005226,0.101817,197.670000
-0.005748,0.005226,0.101817,198.676000
-0.005748,0.005226,0.101817,200.091000
-0.005748,0.005226,0.101817,201.251000
-0.005748,0.005226,0.101817,202.291000
-0.005748,0.005226,0.101817,203.561000
-0.005748,0.005226,0.101817,204.651000
-0.005748,0.005226,0.101817,205.657000
-0.005748,0.005226,0.101817,206.671000
-0.005748,0.005226,0.101817,207.681000
-0.005748,0.005226,0.101817,208.686000
-0.005748,0.005226,0.101817,209.861000
-0.005748,0.005226,0.101817,211.491000
-0.005748,0.005226,0.101817,212.591000
-0.005748,0.005226,0.101817,213.611000
-0.005748,0.005226,0.101817,214.671000
-0.005748,0.005226,0.101817,215.672000
-0.005748,0.005226,0.101817,221.381000
-0.005748,0.005226,0.101817,222.441000
-0.005748,0.005226,0.101817,223.601000
-0.005748,0.005226,0.101817,227.162000
-0.005748,0.005226,0.101817,228.321000
-0.005748,0.005226,0.101817,229.361000
-0.005748,0.005226,0.101817,230.381000
-0.005748,0.005226,0.101817,231.551000
-0.005748,0.005226,0.101817,232.561000
-0.005748,0.005226,0.101817,233.578000
-0.005748,0.005226,0.101817,234.611000
-0.005748,0.005226,0.101817,235.618000
-0.005748,0.005226,0.101817,236.650000
