-0.001231,-0.010765,0.098938,1.490000
-0.000724,-0.009051,0.097976,2.640000
-0.001349,-0.009973,0.098111,3.740000
-0.000933,-0.009546,0.096928,4.760000
-0.001191,-0.008223,0.098053,5.774000
0.000046,-0.007255,0.099825,6.792000
0.000395,-0.008463,0.100645,7.801000
0.000177,-0.006727,0.100272,8.816000
-0.002132,-0.009493,0.100218,9.828000
-0.001169,-0.007525,0.100892,10.836000
-0.001164,-0.007614,0.100333,11.848000
-0.001556,-0.006852,0.100067,12.869000
-0.000464,-0.006474,0.100169,13.874000
0.000005,-0.007416,0.099955,14.880000
-0.000794,-0.005202,0.099929,15.990000
-0.001478,-0.006514,0.100942,17.170000
-0.001903,-0.007186,0.101464,18.590000
-0.001585,-0.005577,0.102083,19.620000
0.001225,-0.003569,0.101951,20.800000
-0.000387,-0.008447,0.099567,21.827000
-0.000550,-0.006705,0.099867,22.839000
-0.000611,-0.004786,0.100670,23.857000
-0.000877,-0.003841,0.100661,24.861000
0.000368,-0.005629,0.100455,25.875000
0.000330,-0.007538,0.100409,26.880000
-0.001070,-0.007539,0.099266,27.882000
-0.000389,-0.006945,0.098801,28.883000
0.000149,-0.007788,0.099488,29.889000
0.000051,-0.007966,0.100149,31.090000
-0.000273,-0.007678,0.102393,32.190000
-0.000105,-0.008362,0.101298,33.690000
-0.000671,-0.009082,0.099181,34.790000
-0.000915,-0.006495,0.100304,35.793000
-0.000234,-0.006792,0.100627,36.796000
0.000608,-0.006840,0.100161,37.808000
0.000316,-0.006369,0.100064,38.880000
0.002589,-0.007260,0.099932,39.990000
0.001532,-0.007529,0.099213,41.020000
0.001601,-0.006504,0.099924,42.150000
0.000909,-0.007763,0.099427,43.790000
-0.000521,-0.007763,0.099805,44.820000
0.000824,-0.009227,0.099672,45.831000
0.000652,-0.009078,0.099791,46.840000
-0.000485,-0.009797,0.100383,47.853000
0.000802,-0.008185,0.100047,48.860000
0.001003,-0.009828,0.101001,49.865000
0.000098,-0.010392,0.101739,50.871000
0.000062,-0.010840,0.101354,51.875000
0.001108,-0.009338,0.099550,53.490000
0.001651,-0.010014,0.098945,54.590000
0.001829,-0.010675,0.098798,55.790000
0.002258,-0.009625,0.099486,56.820000
0.000081,-0.008040,0.100525,57.870000
0.000140,-0.009127,0.100752,58.884000
-0.000487,-0.009136,0.100918,59.889000
-0.000331,-0.004853,0.100822,60.990000
-0.000654,-0.008777,0.099425,62.690000
-0.002339,-0.017580,0.097527,63.710000
-0.005401,-0.011281,0.097530,64.790000
0.000348,-0.011475,0.099903,65.803000
0.000729,-0.011475,0.100192,66.820000
0.001572,0.000389,0.098440,67.832000
-0.002171,-0.006585,0.098737,68.844000
-0.001346,-0.015417,0.099010,69.856000
0.001063,-0.006636,0.098809,70.865000
0.002544,-0.007988,0.099595,71.875000
0.001677,-0.008851,0.100262,72.888000
0.001980,-0.009934,0.100613,74.020000
0.001127,-0.007594,0.099871,75.090000
0.000205,-0.010492,0.098855,76.210000
0.001241,-0.011689,0.100306,77.690000
0.000868,-0.012127,0.101368,78.830000
0.000947,-0.006565,0.100715,79.834000
0.002629,-0.013609,0.100512,80.842000
0.001748,-0.006844,0.100341,81.856000
0.001872,-0.006625,0.100179,82.860000
0.006068,-0.011721,0.099455,83.861000
0.007371,-0.007220,0.100442,84.873000
-0.005574,-0.011235,0.100180,85.882000
0.005602,-0.005099,0.099726,86.886000
0.001757,-0.009276,0.099347,88.030000
0.000042,-0.011688,0.100213,89.190000
-0.002872,-0.010029,0.100317,90.340000
-0.000041,-0.010754,0.100341,91.360000
0.002230,-0.009223,0.100433,92.380000
0.005687,-0.007587,0.097180,93.590000
0.004875,-0.001898,0.091410,94.630000
0.001519,-0.008287,0.101927,95.760000
0.003972,-0.006737,0.105756,96.870000
0.004713,-0.002152,0.096044,97.877000
0.004849,-0.002005,0.096709,98.880000
0.001079,-0.006530,0.108597,99.888000
-0.000916,-0.004767,0.107147,101.290000
0.001376,-0.004670,0.106241,102.310000
0.004539,-0.008232,0.104514,103.690000
-0.001621,-0.011705,0.103170,104.810000
-0.002370,-0.004398,0.097645,105.819000
-0.000753,-0.009546,0.097704,106.824000
0.003560,-0.007948,0.097742,107.830000
-0.002670,-0.008977,0.098317,108.849000
-0.010725,-0.002675,0.097272,109.866000
-0.010990,0.000346,0.097539,110.876000
-0.013883,-0.008125,0.099980,111.888000
-0.010068,-0.007332,0.098985,112.890000
-0.013470,-0.007930,0.100885,114.000000
-0.018979,-0.003384,0.099278,115.690000
-0.007499,-0.001208,0.099972,116.707000
-0.007534,-0.001997,0.099865,117.760000
-0.009344,-0.001713,0.099840,118.840000
-0.007125,0.002005,0.098287,119.854000
-0.008800,0.001136,0.099530,120.857000
-0.006955,-0.001472,0.100162,121.864000
-0.009437,-0.005064,0.101080,122.874000
-0.008045,-0.000639,0.103103,123.875000
-0.004824,0.002932,0.100971,124.881000
-0.003397,0.002990,0.100376,125.883000
-0.003810,0.003133,0.100813,127.190000
-0.006402,0.004920,0.101391,128.790000
-0.007782,0.007797,0.100700,129.860000
-0.003189,0.024496,0.099805,130.863000
0.007046,0.050046,0.100894,131.870000
0.024728,0.084070,0.100615,132.875000
0.050672,0.133723,0.099438,133.880000
0.000000,0.000000,0.099108,135.190000
0.000000,0.000000,0.098925,136.490000
0.000000,0.000000,0.098731,137.600000
0.000000,0.000000,0.099785,138.750000
0.002164,0.007307,0.099794,139.840000
0.012547,-0.032753,0.098488,140.851000
-0.002105,0.013848,0.098456,141.853000
-0.001631,0.008247,0.098459,142.854000
-0.003146,-0.000436,0.098865,143.869000
-0.000979,-0.006136,0.100399,144.870000
-0.000864,-0.005890,0.100462,145.880000
-0.000983,-0.001908,0.099724,147.010000
-0.000321,0.002167,0.100891,148.490000
0.003765,0.016922,0.100645,149.520000
0.005068,0.013111,0.099120,150.590000
0.002627,0.003552,0.098784,151.790000
0.001518,0.010480,0.097847,152.850000
0.002579,0.001956,0.099184,153.864000
0.023254,0.039633,0.099765,154.879000
0.008066,0.001897,0.100090,155.882000
-0.000374,-0.002062,0.100116,156.889000
-0.013869,-0.014844,0.100454,157.890000
-0.004572,-0.000847,0.101437,159.000000
0.010973,0.007323,0.100787,160.010000
0.009657,0.001904,0.100138,161.040000
0.000118,-0.005450,0.099765,162.060000
0.009215,0.014796,0.099622,163.180000
0.002585,-0.000515,0.100678,164.190000
0.006828,0.003223,0.100688,165.300000
0.013811,0.012617,0.099204,166.390000
0.001313,-0.002601,0.098386,167.520000
-0.002802,0.000498,0.099290,168.790000
-0.007389,-0.009198,0.100202,169.796000
-0.001469,-0.000129,0.099745,170.808000
-0.001095,0.001026,0.099468,171.860000
-0.000290,0.001085,0.100077,172.872000
-0.002595,-0.002809,0.100392,173.881000
0.007769,-0.002329,0.100800,174.883000
0.027730,-0.002153,0.099941,176.790000
0.099495,-0.010704,0.099180,177.794000
0.109767,-0.012300,0.099231,178.810000
0.000000,0.000000,0.099088,179.812000
0.000000,0.000000,0.099204,180.850000
0.000000,0.000000,0.100770,181.860000
0.000000,0.000000,0.098840,182.871000
