-0.001054,0.000386,0.101648,1.087000
-0.002242,-0.001254,0.100836,2.127000
0.001754,-0.001163,0.100837,3.140000
0.003472,-0.000005,0.100477,4.145000
0.003404,0.000978,0.100301,5.149000
0.001924,0.002015,0.102507,6.159000
-0.001203,0.000521,0.103440,7.367000
-0.001222,0.000292,0.102539,8.557000
-0.001039,0.001073,0.100399,9.967000
-0.001905,0.000561,0.100237,11.057000
-0.001176,0.000222,0.100060,12.097000
0.000206,-0.002475,0.101117,13.104000
0.001659,-0.001103,0.102170,14.117000
0.000263,-0.000925,0.101574,15.130000
0.001750,0.000444,0.101743,16.138000
0.001769,0.000681,0.101751,17.157000
-0.000178,0.000608,0.101268,18.158000
0.001037,0.000752,0.100652,19.767000
0.001848,-0.001547,0.100320,20.867000
0.000156,0.000200,0.100875,21.937000
-0.000179,0.000076,0.100969,22.967000
0.001171,-0.000374,0.101052,24.077000
0.001327,-0.000847,0.101831,25.147000
0.000519,-0.000239,0.101973,26.159000
0.000964,-0.000826,0.100615,27.166000
0.000068,-0.001197,0.099997,28.967000
-0.002279,0.000664,0.100196,30.037000
-0.004659,-0.001644,0.100302,31.147000
0.000875,-0.000876,0.100992,32.154000
0.002102,0.000875,0.102297,33.159000
0.001226,0.001416,0.102322,34.567000
0.001615,-0.001649,0.100059,35.967000
0.001416,-0.000494,0.100506,37.007000
0.000557,-0.001751,0.101250,38.014000
-0.002293,0.000859,0.100262,39.026000
-0.002238,0.000871,0.100098,40.057000
-0.001128,-0.000952,0.099630,41.072000
-0.000212,0.000765,0.100395,42.080000
0.000189,0.000821,0.100670,43.157000
-0.000132,-0.002471,0.100738,44.165000
-0.000045,-0.003162,0.100671,45.327000
-0.002433,0.001169,0.101623,46.347000
-0.000875,0.000511,0.102081,47.437000
0.000029,0.000371,0.100724,48.567000
0.000856,-0.000437,0.099509,50.067000
0.000521,-0.000198,0.100472,51.097000
-0.001444,-0.001375,0.101730,52.110000
-0.001561,-0.000362,0.101925,53.122000
-0.001245,-0.001607,0.101431,54.136000
-0.000538,-0.001653,0.100591,55.137000
0.002121,0.000171,0.100654,56.140000
0.002108,0.001018,0.100672,57.141000
0.001962,-0.000794,0.101041,58.149000
0.001599,-0.001465,0.100836,59.153000
-0.000097,-0.002128,0.100932,60.155000
0.000446,-0.002270,0.100304,61.163000
0.000723,-0.000774,0.101336,62.667000
0.000953,0.000449,0.100466,63.767000
-0.000352,0.000653,0.099069,64.777000
-0.001031,0.001824,0.100827,65.797000
-0.000464,0.000884,0.100671,66.917000
0.000116,0.000372,0.099935,67.967000
0.001030,0.000457,0.100172,69.047000
0.000871,0.001041,0.100623,70.097000
0.000998,-0.000621,0.099062,71.102000
0.000364,-0.000950,0.100583,72.110000
-0.000719,-0.000859,0.101243,73.112000
-0.000013,0.000819,0.100893,74.122000
-0.000050,0.000882,0.100624,75.132000
0.000117,0.000904,0.100728,76.147000
0.001115,0.001687,0.100547,77.157000
0.001228,-0.000318,0.101365,78.160000
0.000830,0.000136,0.101943,79.567000
-0.000575,0.000653,0.100497,80.617000
0.000465,-0.001643,0.099750,81.767000
0.000331,-0.002462,0.098849,82.877000
-0.000205,-0.000955,0.098742,83.907000
-0.001526,-0.000398,0.099193,84.977000
-0.001027,0.000398,0.100314,85.997000
-0.001141,-0.000895,0.101965,87.067000
-0.001142,-0.000143,0.101871,88.077000
0.000868,-0.001061,0.100108,89.096000
0.000731,-0.001019,0.099864,90.127000
-0.001722,0.000038,0.099856,91.131000
-0.001563,0.000699,0.101041,92.143000
-0.000280,-0.000622,0.101163,93.144000
0.002549,-0.002141,0.101000,94.156000
0.002280,0.000655,0.098779,95.165000
0.001463,0.000525,0.098738,96.567000
0.000162,0.000577,0.098680,97.607000
-0.000076,0.000680,0.098448,98.627000
-0.000081,-0.000223,0.098707,99.747000
-0.000205,-0.000810,0.099892,101.067000
0.001751,0.000617,0.100259,102.077000
0.000553,0.000374,0.099611,103.157000
0.001052,0.001232,0.099532,104.161000
0.000008,0.000138,0.100690,105.162000
0.001664,-0.000017,0.100891,106.767000
0.000406,-0.001218,0.100896,107.977000
-0.003387,0.000045,0.100906,109.067000
-0.000567,-0.000026,0.099629,110.079000
-0.000234,0.000363,0.099273,111.147000
0.000133,0.000089,0.099825,112.158000
-0.000594,-0.002605,0.102084,113.367000
-0.022104,0.027195,0.100721,114.497000
0.002909,0.004638,0.099076,115.557000
-0.024508,-0.006843,0.099534,116.567000
-0.029781,-0.003277,0.098822,117.747000
-0.024738,0.002502,0.099074,118.817000
-0.021389,0.001642,0.100286,119.947000
-0.024473,-0.001113,0.098861,120.997000
-0.024404,-0.002472,0.097908,122.067000
-0.023516,-0.000775,0.100334,123.068000
-0.024756,0.001059,0.099926,124.081000
-0.025031,0.001203,0.100128,125.137000
-0.024072,-0.001045,0.100186,126.151000
-0.024308,-0.000150,0.098692,127.163000
-0.023367,0.002663,0.097603,128.767000
-0.023822,0.000776,0.098730,129.817000
-0.020900,0.003390,0.099867,130.827000
-0.021757,-0.000277,0.098827,131.847000
-0.020022,-0.004419,0.097873,132.977000
-0.020022,-0.001623,0.097304,134.067000
-0.018119,0.000238,0.098902,135.097000
-0.019481,0.000420,0.099754,136.147000
-0.024297,-0.000973,0.098810,137.149000
-0.023435,-0.001294,0.099818,138.151000
-0.022288,-0.001264,0.099169,139.153000
-0.021847,0.007928,0.099102,140.307000
-0.021099,0.004497,0.098374,141.317000
-0.021048,-0.000183,0.098153,142.337000
-0.020386,0.000621,0.099443,143.367000
-0.018147,0.000343,0.100835,144.667000
-0.017709,0.000489,0.100036,145.737000
-0.018636,0.000977,0.099515,146.907000
-0.022187,0.007217,0.099838,148.107000
-0.020671,0.020108,0.099782,149.110000
-0.024520,0.019525,0.100364,150.120000
-0.021995,0.014783,0.099365,151.142000
-0.020976,0.015856,0.099105,152.153000
-0.022731,0.014512,0.099521,153.167000
-0.025137,0.017184,0.099345,154.377000
-0.022831,0.016277,0.099278,155.967000
-0.022477,0.015202,0.098657,157.017000
-0.022831,0.014733,0.098865,158.027000
-0.022373,0.014442,0.099292,159.087000
-0.022328,0.013580,0.099629,160.097000
-0.023795,0.012993,0.099700,161.104000
-0.023637,0.014209,0.099438,162.112000
-0.021305,0.014108,0.097754,163.126000
-0.021819,0.013992,0.098124,164.127000
-0.021631,0.012681,0.099478,165.129000
-0.022808,0.013951,0.099679,166.136000
-0.022516,0.013129,0.099666,167.152000
-0.022707,0.013126,0.099830,168.267000
-0.023304,0.012687,0.099718,169.447000
-0.021223,0.014877,0.100222,170.667000
-0.021001,0.014925,0.099404,171.967000
-0.021267,0.013678,0.098381,173.077000
-0.022735,0.013909,0.098602,174.127000
-0.023591,0.013138,0.100000,175.146000
-0.022664,0.012478,0.099643,176.150000
-0.022731,0.013897,0.099032,177.867000
-0.021331,0.012278,0.098082,178.997000
-0.022309,0.028760,0.097517,180.011000
-0.022785,0.030252,0.098037,181.107000
0.000377,0.005732,0.160556,182.147000
0.058197,-0.053798,0.698454,183.148000
0.049313,0.012718,0.785392,185.067000
0.024645,-0.057177,0.939393,186.092000
0.028609,-0.050985,0.940684,187.097000
0.037037,-0.082200,0.948812,188.109000
0.043586,-0.100596,0.950058,189.147000
0.234010,0.179682,0.465413,190.148000
-0.175649,-0.022376,0.237086,191.158000
-0.074345,0.022637,0.097965,192.162000
-0.062832,0.091971,0.117729,193.667000
-0.080505,0.070150,0.132682,194.847000
-0.080594,0.067931,0.108171,195.877000
-0.076130,0.077770,0.093487,196.997000
-0.072550,0.084568,0.091642,198.007000
-0.072824,0.088634,0.092919,199.067000
-0.069155,0.093709,0.095357,200.077000
-0.067056,0.098492,0.096169,201.095000
-0.067270,0.101728,0.097466,202.102000
-0.067762,0.101853,0.097621,203.157000
-0.068871,0.104715,0.096105,204.160000
-0.067891,0.108107,0.096367,205.167000
-0.065237,0.110769,0.096438,206.867000
-0.064277,0.111091,0.096870,207.917000
-0.065382,0.111880,0.097106,208.987000
-0.065184,0.114560,0.097155,210.097000
-0.065526,0.115396,0.097036,211.113000
-0.065199,0.115894,0.096230,212.123000
-0.061956,0.119222,0.095869,213.142000
-0.062515,0.120164,0.098246,214.159000
-0.061502,0.120964,0.099338,215.767000
-0.063610,0.119340,0.095716,216.817000
-0.063277,0.126118,0.097031,217.867000
0.297589,0.384485,0.114520,219.107000
0.222039,0.414874,0.094120,220.137000
0.258352,0.411689,0.102850,221.142000
0.255746,0.414821,0.100714,222.147000
0.253289,0.418168,0.098343,223.152000
0.253286,0.418399,0.098146,224.157000
0.253775,0.422238,0.098210,225.163000
0.255001,0.424440,0.098109,226.167000
0.254671,0.425401,0.097416,227.967000
0.254954,0.427737,0.097662,229.067000
0.255327,0.428074,0.097255,230.075000
0.255327,0.428074,0.097255,231.076000
0.255327,0.428074,0.097255,232.081000
0.255327,0.428074,0.097255,233.084000
0.255327,0.428074,0.097255,234.098000
0.255327,0.428074,0.097255,235.103000
0.255327,0.428074,0.097255,236.117000
0.255327,0.428074,0.097255,237.133000
0.255327,0.428074,0.097255,238.143000
0.255327,0.428074,0.097255,239.146000
0.255327,0.428074,0.097255,240.157000
0.255327,0.428074,0.097255,241.162000
0.255327,0.428074,0.097255,242.166000
0.255327,0.428074,0.097255,243.867000
0.255327,0.428074,0.097255,244.897000
0.255327,0.428074,0.097255,245.927000
0.255327,0.428074,0.097255,246.987000
0.255327,0.428074,0.097255,248.057000
0.255327,0.428074,0.097255,249.147000
0.255327,0.428074,0.097255,250.156000
0.255327,0.428074,0.097255,251.166000
0.255327,0.428074,0.097255,252.667000
