-0.001740,0.000836,0.098917,1.015000
-0.000215,-0.000461,0.098574,2.115000
-0.000748,-0.000715,0.098650,3.125000
-0.000722,0.000344,0.098945,4.795000
-0.001177,0.000857,0.098676,5.812000
-0.001533,0.001062,0.098143,6.815000
-0.002470,0.001480,0.097992,7.816000
-0.002425,0.001272,0.097930,8.825000
-0.001717,-0.000469,0.099522,9.875000
-0.002846,0.000564,0.099687,10.890000
-0.001767,0.001931,0.099009,12.795000
-0.001713,0.001400,0.099355,13.805000
-0.000840,-0.000762,0.099990,14.815000
-0.000948,0.000731,0.100235,15.820000
-0.001491,0.001783,0.100471,16.835000
-0.002447,-0.000178,0.099651,17.848000
-0.001946,-0.001700,0.099344,18.862000
-0.002238,-0.001013,0.099815,19.869000
-0.001930,-0.001085,0.100584,20.870000
0.000066,-0.000606,0.100360,21.885000
-0.001355,0.002064,0.099437,23.695000
-0.001140,-0.000224,0.098536,24.815000
-0.001817,0.001142,0.099710,25.819000
-0.001619,0.001592,0.099808,26.825000
-0.001634,0.001495,0.099608,27.835000
-0.001561,0.000017,0.098833,28.836000
0.002137,0.002104,0.097641,29.848000
0.002245,0.003049,0.097998,30.863000
-0.000481,0.001635,0.099173,31.872000
-0.000673,0.002849,0.100133,32.883000
-0.001085,0.003044,0.098943,34.395000
-0.002774,0.002227,0.097753,35.535000
-0.002495,0.001670,0.099846,36.585000
-0.000397,0.001846,0.099313,37.725000
0.001045,0.002183,0.099034,38.805000
-0.002647,0.002293,0.099661,39.815000
-0.000480,0.004800,0.098549,40.824000
-0.000704,0.004018,0.099269,41.835000
-0.001509,0.003840,0.100858,42.836000
-0.000515,0.002762,0.100017,43.852000
-0.001027,0.001513,0.100211,44.867000
-0.000844,0.002515,0.100558,45.879000
0.000980,0.002371,0.100157,46.891000
-0.000560,0.003184,0.099594,48.595000
-0.001090,0.001326,0.097437,49.665000
-0.001862,0.001272,0.097415,50.805000
0.001004,0.004557,0.098868,51.811000
0.001154,0.004770,0.098682,52.845000
0.000141,0.002120,0.099113,53.851000
-0.000583,0.003982,0.099719,54.866000
-0.001606,0.002298,0.099664,55.869000
0.000498,0.001322,0.099688,56.877000
0.000736,0.001749,0.097825,57.886000
-0.001297,0.001830,0.097388,58.890000
0.000308,0.002334,0.098766,59.891000
0.001486,0.003898,0.099343,60.995000
0.000792,0.004324,0.099533,62.795000
0.000423,0.000983,0.099566,63.805000
-0.000077,0.000984,0.099541,64.815000
-0.001122,0.002834,0.099624,65.821000
-0.000716,0.002562,0.099643,66.825000
0.002209,0.003228,0.099054,67.838000
0.000505,0.001942,0.098177,68.851000
-0.000415,0.001548,0.097821,69.855000
-0.000890,0.002334,0.097737,70.871000
0.002414,0.002124,0.098291,71.886000
0.002445,0.000799,0.099453,72.888000
-0.002305,0.001682,0.100131,73.995000
-0.003411,0.001608,0.099864,75.695000
-0.002001,0.003389,0.097911,76.785000
-0.002075,0.003522,0.098016,77.865000
-0.001048,0.003416,0.101091,78.868000
-0.000344,0.000686,0.101095,79.871000
-0.000986,0.002095,0.099334,80.873000
0.000579,0.003052,0.097764,81.886000
0.000592,0.004324,0.098047,82.888000
0.000446,0.000612,0.099230,84.795000
-0.001263,0.002067,0.099555,85.815000
-0.000717,0.002099,0.097778,86.855000
0.000268,0.002541,0.098778,87.867000
-0.001969,0.004149,0.098698,88.870000
-0.000641,0.002920,0.098734,89.883000
-0.002277,0.001239,0.098618,90.886000
-0.000634,0.001120,0.097320,92.005000
0.001153,0.001929,0.097100,93.065000
0.002987,0.002657,0.097547,94.395000
0.000510,0.002428,0.097754,95.405000
-0.001717,0.000132,0.098228,96.595000
-0.001515,0.002709,0.099193,97.635000
-0.001208,0.004567,0.100292,98.795000
-0.000657,0.002096,0.096165,99.803000
-0.000729,0.002147,0.095864,100.825000
0.001396,0.001965,0.097102,101.836000
0.000207,0.001500,0.097750,102.849000
-0.002245,0.001321,0.098276,103.852000
-0.001498,0.001384,0.098352,104.854000
-0.001575,0.001690,0.096732,105.870000
-0.000311,0.001101,0.098270,106.885000
0.002461,0.002561,0.098973,107.887000
0.000643,0.003159,0.098229,108.891000
0.000757,0.004281,0.097225,110.495000
0.001154,0.003586,0.097812,111.625000
0.002260,0.003450,0.097757,112.805000
0.002394,0.003395,0.098690,113.845000
0.000793,0.002607,0.098420,114.855000
-0.002594,0.004332,0.097605,115.868000
-0.000540,0.004194,0.099399,116.885000
-0.000254,0.001663,0.100613,117.888000
0.000300,0.002536,0.100499,118.889000
0.000299,0.003506,0.099934,120.015000
0.000481,0.001296,0.098751,121.695000
-0.000972,0.003035,0.097554,122.735000
0.000137,0.002713,0.097259,123.795000
-0.000358,0.004099,0.098230,124.803000
-0.000742,0.004651,0.098704,125.818000
-0.000199,0.003724,0.099324,126.819000
0.000067,0.002561,0.098946,127.822000
0.000370,0.002145,0.098825,128.855000
-0.000487,0.002060,0.098016,129.869000
-0.001287,0.002953,0.099500,130.870000
0.000319,0.003031,0.100674,131.887000
0.001237,0.002297,0.100375,133.795000
-0.001831,0.002685,0.099237,134.798000
-0.001944,0.002599,0.099290,135.815000
-0.001426,0.003170,0.098381,136.826000
-0.001488,0.003245,0.098303,137.835000
0.002308,0.001767,0.098672,138.838000
-0.001073,0.002743,0.100194,139.854000
-0.001577,0.002972,0.100433,140.885000
-0.000176,0.002191,0.099574,141.886000
0.000412,0.002840,0.098842,142.995000
-0.000827,0.003196,0.099149,144.795000
-0.001250,0.000832,0.098113,145.804000
0.000849,0.001498,0.097787,146.805000
0.000682,0.002198,0.097742,147.815000
-0.000468,0.004680,0.097402,148.819000
-0.000513,0.004505,0.097465,149.845000
-0.001872,0.003070,0.097672,150.853000
0.000233,0.002942,0.097858,151.855000
-0.001080,0.002693,0.097792,152.870000
-0.000490,0.001307,0.098430,153.871000
-0.000695,0.002835,0.098846,154.891000
-0.001280,0.003485,0.097185,155.995000
-0.001117,0.003823,0.097407,157.065000
-0.001578,0.004846,0.098558,158.085000
-0.001013,0.003680,0.098193,159.235000
-0.000388,0.002856,0.097542,160.265000
-0.001292,0.002318,0.098347,161.495000
0.000111,0.002383,0.098878,162.565000
-0.000446,0.003931,0.099519,163.645000
0.000310,0.004146,0.099753,164.665000
-0.000891,0.003251,0.099108,165.725000
-0.001359,0.003715,0.098466,166.755000
-0.001902,0.003354,0.098465,167.835000
-0.000473,0.004454,0.100948,168.855000
-0.000445,0.001639,0.102879,169.862000
0.000067,0.001443,0.104456,170.865000
-0.000713,0.001259,0.104349,171.882000
0.003277,0.002865,0.103345,173.035000
-0.142559,-0.059901,0.339615,174.095000
-0.205557,-0.062382,0.582099,175.695000
-0.288667,-0.146009,0.885617,176.775000
0.310035,0.077957,1.152119,177.835000
-0.077243,-0.042697,1.163364,178.875000
0.014733,-0.017887,1.066013,179.877000
-0.036210,-0.023716,1.041262,181.195000
0.035052,-0.031820,1.099234,182.465000
-0.041056,-0.013746,1.161620,183.595000
0.021290,0.014945,1.188140,184.835000
-0.020722,-0.022767,1.118461,185.843000
-0.012914,0.008531,1.113467,186.844000
-0.012909,0.004113,1.129389,187.859000
-0.054404,-0.024292,1.123809,188.869000
0.049686,-0.058805,1.108083,189.886000
0.029275,-0.074385,1.116347,191.065000
0.047331,-0.089289,1.134087,192.085000
-0.013111,-0.129046,1.101027,193.335000
-0.015255,-0.090139,1.079490,194.535000
0.003392,-0.126916,1.095043,195.645000
0.010534,-0.121477,1.127058,196.651000
0.049020,-0.112321,1.142915,197.855000
-0.004344,-0.100231,1.145602,198.865000
-0.003826,-0.105245,1.072572,199.891000
-0.039203,-0.122131,1.064404,201.295000
-0.028371,-0.109186,1.060104,202.395000
-0.118820,-0.125590,1.015374,203.605000
-0.170340,-0.075787,1.001701,204.765000
-0.082882,-0.071848,1.104408,205.865000
-0.112554,-0.147109,1.129339,206.887000
-0.141686,-0.148923,0.945250,208.095000
-0.177026,-0.114237,0.612410,209.305000
-0.181981,-0.028390,0.403119,210.335000
-0.162314,0.017319,0.179375,211.535000
-0.183951,0.044169,0.108570,212.795000
-0.040853,-0.608860,0.115189,213.802000
-0.022996,-0.735483,0.110543,214.835000
2.042439,-5.800733,0.079998,215.852000
