-0.001313,-0.000785,0.101442,1.202000
-0.001313,-0.000785,0.101442,2.702000
-0.001313,-0.000785,0.101442,3.852000
-0.001313,-0.000785,0.101442,4.902000
-0.001313,-0.000785,0.101442,5.952000
-0.001313,-0.000785,0.101442,6.962000
-0.001313,-0.000785,0.101442,7.974000
-0.001313,-0.000785,0.101442,8.981000
-0.001313,-0.000785,0.101442,9.983000
-0.001313,-0.000785,0.101442,11.002000
-0.001313,-0.000785,0.101442,12.182000
-0.001313,-0.000785,0.101442,13.502000
-0.001313,-0.000785,0.101442,14.572000
-0.001313,-0.000785,0.101442,15.642000
-0.001313,-0.000785,0.101442,16.722000
-0.001313,-0.000785,0.101442,17.852000
-0.001313,-0.000785,0.101442,18.892000
-0.001313,-0.000785,0.101442,19.916000
-0.001313,-0.000785,0.101442,20.923000
-0.001313,-0.000785,0.101442,21.933000
-0.001313,-0.000785,0.101442,22.940000
-0.001313,-0.000785,0.101442,23.952000
-0.001313,-0.000785,0.101442,24.955000
-0.001313,-0.000785,0.101442,25.961000
-0.001313,-0.000785,0.101442,26.976000
-0.001313,-0.000785,0.101442,27.987000
-0.001313,-0.000785,0.101442,28.995000
-0.001313,-0.000785,0.101442,30.202000
-0.001313,-0.000785,0.101442,31.602000
-0.001313,-0.000785,0.101442,32.772000
-0.001313,-0.000785,0.101442,33.872000
-0.001313,-0.000785,0.101442,34.892000
-0.001313,-0.000785,0.101442,35.992000
-0.001313,-0.000785,0.101442,37.001000
-0.001313,-0.000785,0.101442,38.402000
-0.001313,-0.000785,0.101442,39.432000
-0.001313,-0.000785,0.101442,40.542000
-0.001313,-0.000785,0.101442,41.672000
-0.001313,-0.000785,0.101442,42.812000
-0.001313,-0.000785,0.101442,43.872000
-0.001313,-0.000785,0.101442,44.875000
-0.001313,-0.000785,0.101442,45.972000
-0.001313,-0.000785,0.101442,46.983000
-0.001313,-0.000785,0.101442,47.994000
-0.001313,-0.000785,0.101442,49.202000
-0.001313,-0.000785,0.101442,50.702000
-0.001313,-0.000785,0.101442,51.832000
-0.001313,-0.000785,0.101442,52.872000
-0.001313,-0.000785,0.101442,53.952000
-0.001313,-0.000785,0.101442,54.972000
-0.001313,-0.000785,0.101442,55.976000
-0.001313,-0.000785,0.101442,56.984000
-0.001313,-0.000785,0.101442,57.990000
-0.001313,-0.000785,0.101442,59.002000
-0.001313,-0.000785,0.101442,60.182000
-0.001313,-0.000785,0.101442,61.252000
-0.001313,-0.000785,0.101442,62.902000
-0.001313,-0.000785,0.101442,63.919000
-0.001313,-0.000785,0.101442,64.952000
-0.001313,-0.000785,0.101442,65.960000
-0.001313,-0.000785,0.101442,66.969000
-0.001313,-0.000785,0.101442,67.976000
-0.001313,-0.000785,0.101442,68.983000
-0.001313,-0.000785,0.101442,69.994000
-0.001313,-0.000785,0.101442,71.001000
-0.001313,-0.000785,0.101442,72.102000
-0.001313,-0.000785,0.101442,73.242000
-0.001313,-0.000785,0.101442,74.262000
-0.001313,-0.000785,0.101442,75.902000
-0.001313,-0.000785,0.101442,76.907000
-0.001313,-0.000785,0.101442,77.914000
-0.001313,-0.000785,0.101442,78.952000
-0.001313,-0.000785,0.101442,79.982000
-0.001313,-0.000785,0.101442,80.994000
-0.001313,-0.000785,0.101442,81.995000
-0.001313,-0.000785,0.101442,83.202000
-0.001313,-0.000785,0.101442,84.502000
-0.001313,-0.000785,0.101442,85.672000
-0.001313,-0.000785,0.101442,86.762000
-0.001313,-0.000785,0.101442,87.772000
-0.001313,-0.000785,0.101442,88.802000
-0.001313,-0.000785,0.101442,89.962000
-0.001313,-0.000785,0.101442,90.979000
-0.001313,-0.000785,0.101442,91.982000
-0.001313,-0.000785,0.101442,92.986000
-0.001313,-0.000785,0.101442,93.996000
-0.001313,-0.000785,0.101442,94.998000
-0.001313,-0.000785,0.101442,96.302000
-0.001313,-0.000785,0.101442,97.402000
-0.001313,-0.000785,0.101442,98.422000
-0.001313,-0.000785,0.101442,99.502000
-0.001313,-0.000785,0.101442,100.562000
-0.001313,-0.000785,0.101442,101.802000
-0.001313,-0.000785,0.101442,102.902000
-0.001313,-0.000785,0.101442,103.952000
-0.001313,-0.000785,0.101442,104.992000
-0.001313,-0.000785,0.101442,106.502000
-0.001313,-0.000785,0.101442,107.652000
-0.001313,-0.000785,0.101442,108.762000
-0.001313,-0.000785,0.101442,109.842000
-0.001313,-0.000785,0.101442,110.902000
-0.001313,-0.000785,0.101442,111.915000
-0.001313,-0.000785,0.101442,112.924000
-0.001313,-0.000785,0.101442,113.932000
-0.001313,-0.000785,0.101442,114.936000
-0.001313,-0.000785,0.101442,115.938000
-0.001313,-0.000785,0.101442,116.956000
-0.001313,-0.000785,0.101442,117.960000
-0.001313,-0.000785,0.101442,118.975000
-0.001313,-0.000785,0.101442,119.992000
-0.001313,-0.000785,0.101442,121.001000
-0.001313,-0.000785,0.101442,122.602000
-0.001313,-0.000785,0.101442,123.742000
-0.001313,-0.000785,0.101442,124.842000
-0.001313,-0.000785,0.101442,125.852000
-0.001313,-0.000785,0.101442,126.872000
-0.001313,-0.000785,0.101442,127.887000
-0.001313,-0.000785,0.101442,128.894000
-0.001313,-0.000785,0.101442,129.942000
-0.001313,-0.000785,0.101442,130.960000
-0.001313,-0.000785,0.101442,131.980000
-0.001313,-0.000785,0.101442,132.992000
-0.001313,-0.000785,0.101442,134.502000
-0.001313,-0.000785,0.101442,135.572000
-0.001313,-0.000785,0.101442,136.712000
-0.001313,-0.000785,0.101442,137.842000
-0.001313,-0.000785,0.101442,138.962000
-0.001313,-0.000785,0.101442,139.972000
-0.001313,-0.000785,0.101442,140.976000
-0.001313,-0.000785,0.101442,141.980000
-0.001313,-0.000785,0.101442,142.991000
-0.001313,-0.000785,0.101442,143.992000
-0.001313,-0.000785,0.101442,145.002000
-0.001313,-0.000785,0.101442,146.152000
-0.001313,-0.000785,0.101442,147.902000
-0.001313,-0.000785,0.101442,148.915000
-0.001313,-0.000785,0.101442,149.927000
-0.001313,-0.000785,0.101442,150.930000
-0.001313,-0.000785,0.101442,151.992000
-0.001313,-0.000785,0.101442,153.302000
-0.001313,-0.000785,0.101442,154.442000
-0.001313,-0.000785,0.101442,155.562000
-0.001313,-0.000785,0.101442,156.902000
-0.001313,-0.000785,0.101442,157.910000
-0.001313,-0.000785,0.101442,158.952000
-0.001313,-0.000785,0.101442,159.982000
-0.001313,-0.000785,0.101442,160.994000
-0.001313,-0.000785,0.101442,162.902000
-0.001313,-0.000785,0.101442,163.952000
-0.001313,-0.000785,0.101442,164.967000
-0.001313,-0.000785,0.101442,165.972000
-0.001313,-0.000785,0.101442,166.985000
-0.001313,-0.000785,0.101442,167.986000
-0.001313,-0.000785,0.101442,168.998000
-0.001313,-0.000785,0.101442,170.102000
-0.001313,-0.000785,0.101442,171.122000
-0.001313,-0.000785,0.101442,172.602000
-0.001313,-0.000785,0.101442,173.802000
-0.001313,-0.000785,0.101442,174.952000
-0.001313,-0.000785,0.101442,175.982000
-0.001313,-0.000785,0.101442,176.998000
-0.001313,-0.000785,0.101442,178.000000
-0.001313,-0.000785,0.101442,179.102000
-0.001313,-0.000785,0.101442,180.152000
-0.001313,-0.000785,0.101442,181.492000
-0.001313,-0.000785,0.101442,182.902000
-0.001313,-0.000785,0.101442,183.932000
-0.001313,-0.000785,0.101442,184.962000
-0.001313,-0.000785,0.101442,185.973000
-0.001313,-0.000785,0.101442,186.992000
-0.001313,-0.000785,0.101442,188.002000
-0.001313,-0.000785,0.101442,189.602000
-0.001313,-0.000785,0.101442,190.772000
-0.001313,-0.000785,0.101442,191.792000
-0.001313,-0.000785,0.101442,192.862000
